<?xml version="1.0" encoding="UTF-8" ?>
<configuration>

    <jmxConfigurator />
    
    <appender name="STDOUT" class="ch.qos.logback.core.ConsoleAppender">
        <layout class="ch.qos.logback.classic.PatternLayout">
            <pattern>%d{yyyy-MM-dd HH:mm:ss.SSS} [%thread] %-5level %logger{64} - %msg%n</pattern>
        </layout>
    </appender>

    <logger name="com.bagri">
        <level value="trace"/>
    </logger>

    <logger name="org.springframework">
        <level value="info"/>
    </logger>

    <root>
        <level value="debug"/>
        <appender-ref ref="STDOUT"/>
    </root>

</configuration>
